[2021-07-06 12:22:16,530 bit_vector.py validate_files] INFO fasta file: /home/cjurich/projects/dreem/test/resources/case_1/test.fasta exists
[2021-07-06 12:22:16,530 bit_vector.py validate_files] INFO fastq file: /home/cjurich/projects/dreem/test/resources/case_1/test_mate1.fastq exists
[2021-07-06 12:22:16,530 bit_vector.py validate_files] INFO fastq2 file: /home/cjurich/projects/dreem/test/resources/case_1/test_mate2.fastq exists
[2021-07-06 12:22:16,530 bit_vector.py validate_files] INFO two fastq files supplied, thus assuming paired reads
[2021-07-06 12:22:16,531 bit_vector.py validate_files] INFO fasta file: /home/cjurich/projects/dreem/test/resources/case_1/test.fasta exists
[2021-07-06 12:22:16,531 bit_vector.py validate_files] INFO fastq file: /home/cjurich/projects/dreem/test/resources/case_1/test_mate1.fastq exists
[2021-07-06 12:22:16,531 bit_vector.py validate_files] INFO fastq2 file: /home/cjurich/projects/dreem/test/resources/case_1/test_mate2.fastq exists
[2021-07-06 12:22:16,531 bit_vector.py validate_files] INFO two fastq files supplied, thus assuming paired reads
[2021-07-06 12:22:16,533 bit_vector.py __update_parameter] INFO setting parameter map.skip to False specified by parameter file
[2021-07-06 12:22:16,534 bit_vector.py __update_parameter] INFO setting parameter map.skip_fastqc to False specified by parameter file
[2021-07-06 12:22:16,534 bit_vector.py __update_parameter] INFO setting parameter map.skip_trim_galore to False specified by parameter file
[2021-07-06 12:22:16,534 bit_vector.py __update_parameter] INFO setting parameter map.tg_q_cutoff to 20 specified by parameter file
[2021-07-06 12:22:16,534 bit_vector.py __update_parameter] INFO setting parameter map.bt2_alignment_args to --local,--no-unal,--no-discordant,--no-mixed,-X 1000,-L 12,-p 16 specified by parameter file
[2021-07-06 12:22:16,534 bit_vector.py __update_parameter] INFO setting parameter bit_vector.skip to False specified by parameter file
[2021-07-06 12:22:16,534 bit_vector.py __update_parameter] INFO setting parameter bit_vector.qscore_cutoff to 25 specified by parameter file
[2021-07-06 12:22:16,534 bit_vector.py __update_parameter] INFO setting parameter bit_vector.num_of_surbases to 10 specified by parameter file
[2021-07-06 12:22:16,534 bit_vector.py __update_parameter] INFO setting parameter bit_vector.map_score_cutoff to 15 specified by parameter file
[2021-07-06 12:22:16,534 bit_vector.py __update_parameter] INFO setting parameter bit_vector.mutation_count_cutoff to 10 specified by parameter file
[2021-07-06 12:22:16,534 bit_vector.py __update_parameter] INFO setting parameter bit_vector.percent_length_cutoff to 0.01 specified by parameter file
[2021-07-06 12:22:16,535 bit_vector.py validate_files] INFO fasta file: /home/cjurich/projects/dreem/test/resources/case_1/test.fasta exists
[2021-07-06 12:22:16,535 bit_vector.py validate_files] INFO fastq file: /home/cjurich/projects/dreem/test/resources/case_1/test_mate1.fastq exists
[2021-07-06 12:22:16,535 bit_vector.py validate_files] INFO fastq2 file: /home/cjurich/projects/dreem/test/resources/case_1/test_mate2.fastq exists
[2021-07-06 12:22:16,535 bit_vector.py validate_files] INFO two fastq files supplied, thus assuming paired reads
[2021-07-06 12:22:16,536 bit_vector.py __update_parameter] INFO setting parameter map.bt2_alignment_args to --local,--no-unal,--no-discordant,--no-mixed,-X 1000,-L 20,-p 16 specified by parameter file
[2021-07-06 12:22:16,536 bit_vector.py __update_parameter] INFO setting parameter map.skip to False specified by parameter file
[2021-07-06 12:22:16,536 bit_vector.py validate_files] INFO fasta file: /home/cjurich/projects/dreem/test/resources/case_1/test.fasta exists
[2021-07-06 12:22:16,537 bit_vector.py validate_files] INFO fastq file: /home/cjurich/projects/dreem/test/resources/case_1/test_mate1.fastq exists
[2021-07-06 12:22:16,537 bit_vector.py validate_files] INFO fastq2 file: /home/cjurich/projects/dreem/test/resources/case_1/test_mate2.fastq exists
[2021-07-06 12:22:16,537 bit_vector.py validate_files] INFO two fastq files supplied, thus assuming paired reads
[2021-07-06 12:22:16,550 bit_vector.py run] INFO ran at commandline as: 
[2021-07-06 12:22:16,550 bit_vector.py run] INFO /home/cjurich/anaconda3/bin/pytest
[2021-07-06 12:22:16,550 bit_vector.py validate_files] INFO fasta file: /home/cjurich/projects/dreem/test/resources/case_1/test.fasta exists
[2021-07-06 12:22:16,550 bit_vector.py validate_files] INFO fastq file: /home/cjurich/projects/dreem/test/resources/case_1/test_mate1.fastq exists
[2021-07-06 12:22:16,550 bit_vector.py validate_files] INFO fastq2 file: /home/cjurich/projects/dreem/test/resources/case_1/test_mate2.fastq exists
[2021-07-06 12:22:16,550 bit_vector.py validate_files] INFO two fastq files supplied, thus assuming paired reads
[2021-07-06 12:22:16,550 bit_vector.py get_parameters] INFO -o/--overwrite supplied, will overwrite previous results with same name
[2021-07-06 12:22:16,550 bit_vector.py build_directories] INFO building directory structure
[2021-07-06 12:22:16,585 mapper.py __init__] INFO bowtie2 2.2.5 detected!
[2021-07-06 12:22:16,758 mapper.py __init__] INFO fastqc v0.11.9 detected!
[2021-07-06 12:22:16,786 mapper.py __init__] INFO trim_galore 0.6.4 detected!
[2021-07-06 12:22:16,851 mapper.py __init__] INFO cutapt 1.18 detected!
[2021-07-06 12:22:16,851 mapper.py __run_command] INFO running fastqc
[2021-07-06 12:22:20,034 mapper.py __run_command] INFO fastqc ran without errors
[2021-07-06 12:22:20,034 mapper.py __run_command] INFO running trim_galore
[2021-07-06 12:22:24,820 mapper.py __run_command] INFO trim_galore ran without errors
[2021-07-06 12:22:24,820 mapper.py __run_command] INFO running bowtie2-build
[2021-07-06 12:22:24,953 mapper.py __run_command] INFO bowtie2-build ran without errors
[2021-07-06 12:22:24,954 mapper.py __run_command] INFO running bowtie2 alignment
[2021-07-06 12:22:25,472 mapper.py __run_command] INFO bowtie2 alignment ran without errors
[2021-07-06 12:22:25,472 mapper.py __run_bowtie_alignment] INFO results for bowtie alignment: 
2500 reads; of these:
  2500 (100.00%) were paired; of these:
    38 (1.52%) aligned concordantly 0 times
    2333 (93.32%) aligned concordantly exactly 1 time
    129 (5.16%) aligned concordantly >1 times
98.48% overall alignment rate
[2021-07-06 12:22:25,472 mapper.py __run_picard_bam_convert] INFO Converting BAM file to SAM file format
[2021-07-06 12:22:25,472 mapper.py __run_command] INFO running picard BAM conversion
[2021-07-06 12:22:26,258 mapper.py __run_command] INFO picard BAM conversion ran without errors
[2021-07-06 12:22:26,258 mapper.py __run_picard_sort] INFO sorting BAM file
[2021-07-06 12:22:26,258 mapper.py __run_command] INFO running picard BAM sort
[2021-07-06 12:22:27,035 mapper.py __run_command] INFO picard BAM sort ran without errors
[2021-07-06 12:22:27,036 mapper.py run] INFO finished mapping!
[2021-07-06 12:22:27,036 bit_vector.py run] INFO starting bitvector generation
[2021-07-06 12:22:27,040 bit_vector.py __run_command] INFO running picard SAM convert
[2021-07-06 12:22:27,796 bit_vector.py __run_command] INFO picard SAM convert ran without errors
